<?xml version="1.0" encoding="UTF-8"?>
<!-- Generated by org.testng.reporters.JUnitReportReporter -->
<testsuite hostname="ASCINLAP60954" failures="0" tests="1" name="tests.AlertTest" time="18.519" errors="0" timestamp="2025-05-20T19:39:50 IST" skipped="0">
  <testcase classname="tests.AlertTest" name="testJavaScriptAlert" time="18.519"/>
</testsuite> <!-- tests.AlertTest -->
