<?xml version="1.0" encoding="UTF-8"?>
<!-- Generated by org.testng.reporters.JUnitReportReporter -->
<testsuite hostname="ASCINLAP60954" failures="0" tests="1" name="tests.ContactTest" time="32.836" errors="0" timestamp="2025-05-21T21:36:06 IST" skipped="0">
  <testcase classname="tests.ContactTest" name="testContactUsForm" time="32.836"/>
</testsuite> <!-- tests.ContactTest -->
