<?xml version="1.0" encoding="UTF-8"?>
<!-- Generated by org.testng.reporters.JUnitReportReporter -->
<testsuite hostname="ASCINLAP60954" failures="0" tests="1" name="tests.AddProductsToCartTest" time="41.723" errors="0" timestamp="2025-05-25T13:35:56 IST" skipped="0">
  <testcase classname="tests.AddProductsToCartTest" name="testAddProductsToCart" time="41.723"/>
</testsuite> <!-- tests.AddProductsToCartTest -->
