<?xml version="1.0" encoding="UTF-8"?>
<!-- Generated by org.testng.reporters.JUnitReportReporter -->
<testsuite hostname="ASCINLAP60954" failures="0" tests="4" name="tests.SpecialTests" time="142.032" errors="0" timestamp="2025-05-26T11:40:42 IST" skipped="0">
  <testcase classname="tests.SpecialTests" name="testClickUsingJS" time="28.185"/>
  <testcase classname="tests.SpecialTests" name="testAlertExample" time="28.975"/>
  <testcase classname="tests.SpecialTests" name="testHoverAction" time="62.857"/>
  <testcase classname="tests.SpecialTests" name="CaptureScreenshot" time="22.015"/>
</testsuite> <!-- tests.SpecialTests -->
