<?xml version="1.0" encoding="UTF-8"?>
<!-- Generated by org.testng.reporters.JUnitReportReporter -->
<testsuite hostname="ASCINLAP60954" failures="0" tests="1" name="tests.AddToCartTest" time="58.868" errors="0" timestamp="2025-05-22T13:13:47 IST" skipped="0">
  <testcase classname="tests.AddToCartTest" name="testAddProductsToCar1t" time="58.868"/>
</testsuite> <!-- tests.AddToCartTest -->
