<?xml version="1.0" encoding="UTF-8"?>
<!-- Generated by org.testng.reporters.JUnitReportReporter -->
<testsuite hostname="ASCINLAP60954" failures="0" tests="1" name="tests.LoginTest" time="70.453" errors="0" timestamp="2025-05-23T15:54:32 IST" skipped="0">
  <testcase classname="tests.LoginTest" name="loginWithValidCredentials" time="70.453"/>
</testsuite> <!-- tests.LoginTest -->
