<?xml version="1.0" encoding="UTF-8"?>
<!-- Generated by org.testng.reporters.JUnitReportReporter -->
<testsuite hostname="ASCINLAP60954" failures="0" tests="1" name="tests.AddProductsToCartTest" time="55.762" errors="0" timestamp="2025-05-25T20:28:55 IST" skipped="0">
  <testcase classname="tests.AddProductsToCartTest" name="testAddProductsToCart" time="55.762"/>
</testsuite> <!-- tests.AddProductsToCartTest -->
