<?xml version="1.0" encoding="UTF-8"?>
<!-- Generated by org.testng.reporters.JUnitReportReporter -->
<testsuite hostname="ASCINLAP60954" failures="0" tests="1" name="tests.RegisterUserTest1" time="42.622" errors="0" timestamp="2025-05-22T14:10:33 IST" skipped="0">
  <testcase classname="tests.RegisterUserTest1" name="testRegisterUser" time="42.622"/>
</testsuite> <!-- tests.RegisterUserTest1 -->
