<?xml version="1.0" encoding="UTF-8"?>
<!-- Generated by org.testng.reporters.JUnitReportReporter -->
<testsuite hostname="ASCINLAP60954" failures="0" tests="4" name="tests.SpecialTests" time="124.766" errors="0" timestamp="2025-05-22T18:04:31 IST" skipped="0">
  <testcase classname="tests.SpecialTests" name="CaptureScreenshot" time="38.004"/>
  <testcase classname="tests.SpecialTests" name="testClickUsingJS" time="25.970"/>
  <testcase classname="tests.SpecialTests" name="testHoverAction" time="29.847"/>
  <testcase classname="tests.SpecialTests" name="testAlertExample" time="30.945"/>
</testsuite> <!-- tests.SpecialTests -->
