<?xml version="1.0" encoding="UTF-8"?>
<!-- Generated by org.testng.reporters.JUnitReportReporter -->
<testsuite hostname="ASCINLAP60954" failures="0" tests="1" name="tests.RegisterUserTest" time="42.783" errors="0" timestamp="2025-05-26T11:26:36 IST" skipped="0">
  <testcase classname="tests.RegisterUserTest" name="testRegisterUser" time="42.783"/>
  <system-out/>
</testsuite> <!-- tests.RegisterUserTest -->
