<?xml version="1.0" encoding="UTF-8"?>
<!-- Generated by org.testng.reporters.JUnitReportReporter -->
<testsuite hostname="ASCINLAP60954" failures="0" tests="1" name="tests.AddProductsToCartTest" time="32.445" errors="0" timestamp="2025-05-26T11:26:36 IST" skipped="0">
  <testcase classname="tests.AddProductsToCartTest" name="testAddProductsToCart" time="32.445"/>
  <system-out/>
</testsuite> <!-- tests.AddProductsToCartTest -->
